2023-04-08 06:40:58,836 - __main__ - INFO - 104.45.203.134
2023-04-08 06:40:58,836 - __main__ - INFO - running pc
2023-04-08 06:40:58,894 - __main__ - INFO - 200
2023-04-08 06:40:59,956 - __main__ - INFO - 200
2023-04-08 06:41:01,013 - __main__ - INFO - 200
2023-04-08 06:41:02,096 - __main__ - INFO - 200
2023-04-08 06:41:03,169 - __main__ - INFO - 200
2023-04-08 06:41:04,224 - __main__ - INFO - 200
2023-04-08 06:41:05,278 - __main__ - INFO - 200
2023-04-08 06:41:06,339 - __main__ - INFO - 200
2023-04-08 06:41:07,394 - __main__ - INFO - 200
2023-04-08 06:41:08,447 - __main__ - INFO - 200
2023-04-08 06:51:15,478 - __main__ - INFO - 20.185.155.240
2023-04-08 06:51:15,479 - __main__ - INFO - running pc
2023-04-08 06:51:15,541 - __main__ - INFO - 200
2023-04-08 06:51:16,597 - __main__ - INFO - 200
2023-04-08 06:51:17,676 - __main__ - INFO - 200
2023-04-08 06:51:18,732 - __main__ - INFO - 200
2023-04-08 06:51:19,792 - __main__ - INFO - 200
2023-04-08 06:51:20,875 - __main__ - INFO - 200
2023-04-08 06:51:21,931 - __main__ - INFO - 200
2023-04-08 06:51:22,988 - __main__ - INFO - 200
2023-04-08 06:51:24,048 - __main__ - INFO - 200
2023-04-08 06:51:25,130 - __main__ - INFO - 200
2023-04-08 07:17:10,289 - __main__ - INFO - 13.64.12.80
2023-04-08 07:17:10,290 - __main__ - INFO - running pc
2023-04-08 07:17:10,290 - __main__ - INFO - running pc
2023-04-08 07:17:10,374 - __main__ - INFO - 200
2023-04-08 07:17:10,400 - __main__ - INFO - 200
2023-04-08 07:17:11,449 - __main__ - INFO - 200
2023-04-08 07:17:11,471 - __main__ - INFO - 200
2023-04-08 07:17:12,522 - __main__ - INFO - 200
2023-04-08 07:17:12,547 - __main__ - INFO - 200
2023-04-08 07:17:13,599 - __main__ - INFO - 200
2023-04-08 07:17:13,623 - __main__ - INFO - 200
2023-04-08 07:17:14,685 - __main__ - INFO - 200
2023-04-08 07:17:14,694 - __main__ - INFO - 200
2023-04-08 07:17:15,761 - __main__ - INFO - 200
2023-04-08 07:17:15,768 - __main__ - INFO - 200
2023-04-08 07:17:16,835 - __main__ - INFO - 200
2023-04-08 07:17:16,862 - __main__ - INFO - 200
2023-04-08 07:17:17,909 - __main__ - INFO - 200
2023-04-08 07:17:17,934 - __main__ - INFO - 200
2023-04-08 07:17:18,985 - __main__ - INFO - 200
2023-04-08 07:17:19,008 - __main__ - INFO - 200
2023-04-08 07:17:20,059 - __main__ - INFO - 200
2023-04-08 07:17:20,083 - __main__ - INFO - 200
2023-04-08 07:17:21,135 - __main__ - INFO - 200
2023-04-08 07:17:21,161 - __main__ - INFO - 200
2023-04-08 07:17:22,211 - __main__ - INFO - 200
2023-04-08 07:17:22,230 - __main__ - INFO - 200
2023-04-08 07:17:23,287 - __main__ - INFO - 200
2023-04-08 07:17:23,302 - __main__ - INFO - 200
2023-04-08 07:17:24,360 - __main__ - INFO - 200
2023-04-08 07:17:24,377 - __main__ - INFO - 200
2023-04-08 07:17:25,451 - __main__ - INFO - 200
2023-04-08 07:17:25,509 - __main__ - INFO - 200
2023-04-08 07:17:26,526 - __main__ - INFO - 200
2023-04-08 07:17:26,585 - __main__ - INFO - 200
2023-04-08 07:17:27,595 - __main__ - INFO - 200
2023-04-08 07:17:27,656 - __main__ - INFO - 200
2023-04-08 07:17:28,667 - __main__ - INFO - 200
2023-04-08 07:17:28,732 - __main__ - INFO - 200
2023-04-08 07:17:29,740 - __main__ - INFO - 200
2023-04-08 07:17:29,805 - __main__ - INFO - 200
2023-04-08 07:17:30,883 - __main__ - INFO - 200
2023-04-08 07:17:30,890 - __main__ - INFO - 200
2023-04-08 07:17:31,958 - __main__ - INFO - 200
2023-04-08 07:17:31,969 - __main__ - INFO - 200
2023-04-08 07:17:33,029 - __main__ - INFO - 200
2023-04-08 07:17:33,043 - __main__ - INFO - 200
2023-04-08 07:17:34,099 - __main__ - INFO - 200
2023-04-08 07:17:34,115 - __main__ - INFO - 200
2023-04-08 07:17:35,175 - __main__ - INFO - 200
2023-04-08 07:17:35,190 - __main__ - INFO - 200
2023-04-08 07:17:36,251 - __main__ - INFO - 200
2023-04-08 07:17:36,267 - __main__ - INFO - 200
2023-04-08 07:17:37,323 - __main__ - INFO - 200
2023-04-08 07:17:37,335 - __main__ - INFO - 200
2023-04-08 07:17:38,405 - __main__ - INFO - 200
2023-04-08 07:17:38,411 - __main__ - INFO - 200
2023-04-08 07:17:39,481 - __main__ - INFO - 200
2023-04-08 07:17:39,481 - __main__ - INFO - 200
2023-04-08 07:17:40,572 - __main__ - INFO - 200
2023-04-08 07:17:40,653 - __main__ - INFO - 200
2023-04-08 07:17:41,643 - __main__ - INFO - 200
2023-04-08 07:17:41,806 - __main__ - INFO - 200
2023-04-08 07:28:34,254 - __main__ - INFO - 40.84.176.230
2023-04-08 07:28:34,254 - __main__ - INFO - running pc
2023-04-08 07:28:34,258 - __main__ - INFO - running pc
2023-04-08 07:28:34,334 - __main__ - INFO - 200
2023-04-08 07:28:34,427 - __main__ - INFO - 200
2023-04-08 07:28:35,500 - __main__ - INFO - 200
2023-04-08 07:28:35,510 - __main__ - INFO - 200
2023-04-08 07:28:36,591 - __main__ - INFO - 200
2023-04-08 07:28:36,668 - __main__ - INFO - 200
2023-04-08 07:28:37,668 - __main__ - INFO - 200
2023-04-08 07:28:37,743 - __main__ - INFO - 200
2023-04-08 07:28:38,747 - __main__ - INFO - 200
2023-04-08 07:28:38,819 - __main__ - INFO - 200
2023-04-08 07:28:39,827 - __main__ - INFO - 200
2023-04-08 07:28:39,905 - __main__ - INFO - 200
2023-04-08 07:28:40,903 - __main__ - INFO - 200
2023-04-08 07:28:41,075 - __main__ - INFO - 200
2023-04-08 07:28:42,067 - __main__ - INFO - 200
2023-04-08 07:28:42,241 - __main__ - INFO - 200
2023-04-08 07:28:43,233 - __main__ - INFO - 200
2023-04-08 07:28:43,423 - __main__ - INFO - 200
2023-04-08 07:28:44,309 - __main__ - INFO - 200
2023-04-08 07:28:44,502 - __main__ - INFO - 200
2023-04-08 07:28:45,384 - __main__ - INFO - 200
2023-04-08 07:28:45,580 - __main__ - INFO - 200
2023-04-08 07:28:46,551 - __main__ - INFO - 200
2023-04-08 07:28:46,656 - __main__ - INFO - 200
2023-04-08 07:28:47,631 - __main__ - INFO - 200
2023-04-08 07:28:47,824 - __main__ - INFO - 200
2023-04-08 07:28:48,795 - __main__ - INFO - 200
2023-04-08 07:28:48,988 - __main__ - INFO - 200
2023-04-08 07:28:49,964 - __main__ - INFO - 200
2023-04-08 07:28:50,152 - __main__ - INFO - 200
2023-04-08 07:28:51,129 - __main__ - INFO - 200
2023-04-08 07:28:51,319 - __main__ - INFO - 200
2023-04-08 07:28:52,302 - __main__ - INFO - 200
2023-04-08 07:28:52,482 - __main__ - INFO - 200
2023-04-08 07:28:53,381 - __main__ - INFO - 200
2023-04-08 07:28:53,679 - __main__ - INFO - 200
2023-04-08 07:28:54,548 - __main__ - INFO - 200
2023-04-08 07:28:54,761 - __main__ - INFO - 200
2023-04-08 07:28:55,717 - __main__ - INFO - 200
2023-04-08 07:28:55,944 - __main__ - INFO - 200
2023-04-08 07:28:56,885 - __main__ - INFO - 200
2023-04-08 07:28:57,112 - __main__ - INFO - 200
2023-04-08 07:28:57,966 - __main__ - INFO - 200
2023-04-08 07:28:58,190 - __main__ - INFO - 200
2023-04-08 07:28:59,152 - __main__ - INFO - 200
2023-04-08 07:28:59,265 - __main__ - INFO - 200
2023-04-08 07:29:00,323 - __main__ - INFO - 200
2023-04-08 07:29:00,449 - __main__ - INFO - 200
2023-04-08 07:29:01,493 - __main__ - INFO - 200
2023-04-08 07:29:01,613 - __main__ - INFO - 200
2023-04-08 07:29:02,659 - __main__ - INFO - 200
2023-04-08 07:29:02,690 - __main__ - INFO - 200
2023-04-08 07:29:03,771 - __main__ - INFO - 200
2023-04-08 07:29:03,828 - __main__ - INFO - 200
2023-04-08 07:29:04,907 - __main__ - INFO - 200
2023-04-08 07:29:04,962 - __main__ - INFO - 200
2023-04-08 07:29:06,083 - __main__ - INFO - 200
2023-04-08 07:29:06,131 - __main__ - INFO - 200
2023-04-08 07:29:07,207 - __main__ - INFO - 200
2023-04-08 07:29:07,280 - __main__ - INFO - 200
2023-04-08 07:39:54,038 - __main__ - INFO - 172.177.131.87
2023-04-08 07:39:54,038 - __main__ - INFO - 08/04/2023 07:39:54
2023-04-08 07:39:54,039 - __main__ - INFO - running pc
2023-04-08 07:39:54,041 - __main__ - INFO - running pc
2023-04-08 07:51:29,963 - __main__ - INFO - 40.84.174.102
2023-04-08 07:51:29,963 - __main__ - INFO - 08/04/2023 07:51:29
2023-04-08 07:51:29,963 - __main__ - INFO - running pc
2023-04-08 07:51:29,963 - __main__ - INFO - running pc
2023-04-08 10:25:50,625 - __main__ - INFO - 172.177.32.0
2023-04-08 10:25:50,625 - __main__ - INFO - running pc
2023-04-08 10:25:50,625 - __main__ - INFO - running pc
2023-04-08 10:25:50,626 - __main__ - INFO - running pc
2023-04-09 10:25:49,986 - __main__ - INFO - 172.177.32.0
2023-04-09 10:25:49,987 - __main__ - INFO - running pc
2023-04-09 10:25:49,989 - __main__ - INFO - running pc
2023-04-09 10:25:49,989 - __main__ - INFO - running pc
2023-04-09 10:25:49,990 - __main__ - INFO - running pc
2023-04-09 10:31:58,110 - __main__ - INFO - running Us mob
2023-04-09 10:31:58,110 - __main__ - INFO - running Us mob
2023-04-09 10:31:58,112 - __main__ - INFO - running Us mob
2023-04-09 10:31:58,112 - __main__ - INFO - running Us mob
2023-04-10 10:28:13,663 - __main__ - INFO - 172.177.152.231
2023-04-10 10:28:13,663 - __main__ - INFO - running pc
2023-04-10 10:28:13,665 - __main__ - INFO - running pc
2023-04-10 10:28:13,666 - __main__ - INFO - running pc
2023-04-10 10:28:13,667 - __main__ - INFO - running pc
2023-04-10 10:34:22,741 - __main__ - INFO - running Us mob
2023-04-10 10:34:22,741 - __main__ - INFO - running Us mob
2023-04-10 10:34:22,742 - __main__ - INFO - running Us mob
2023-04-10 10:34:22,743 - __main__ - INFO - running Us mob
